<?xml version="1.0" encoding="UTF-8"?>
<testng-results ignored="0" total="1" passed="1" failed="0" skipped="0">
  <reporter-output>
  </reporter-output>
  <suite started-at="2024-06-04T09:21:11 IST" name="Default suite" finished-at="2024-06-04T09:21:11 IST" duration-ms="680">
    <groups>
    </groups>
    <test started-at="2024-06-04T09:21:11 IST" name="Default test" finished-at="2024-06-04T09:21:11 IST" duration-ms="680">
      <class name="extentreports.extentreport">
        <test-method signature="report()[pri:0, instance:extentreports.extentreport@5677323c]" started-at="2024-06-04T09:21:11 IST" name="report" finished-at="2024-06-04T09:21:11 IST" duration-ms="613" status="PASS">
          <reporter-output>
          </reporter-output>
        </test-method> <!-- report -->
      </class> <!-- extentreports.extentreport -->
    </test> <!-- Default test -->
  </suite> <!-- Default suite -->
</testng-results>
